  main.cpp
     Создается библиотека D:\Cpp\ConsoleSqlNotepad\x64\Release\ConsoleSqlNotepad.lib и объект D:\Cpp\ConsoleSqlNotepad\x64\Release\ConsoleSqlNotepad.exp
  Создание кода
  1 of 237 functions ( 0.4%) were compiled, the rest were copied from previous compilation.
    0 functions were new in current compilation
    50 functions had inline decision re-evaluated but remain unchanged
  Создание кода завершено
mysqlcppconn-static.lib(mysql_driver.obj) : warning LNK4099: "" PDB не найден с "mysqlcppconn-static.lib(mysql_driver.obj)" или на ""; компоновка объекта выполняется как при отсутствии отладочных данных
mysqlcppconn-static.lib(mysql_connection.obj) : warning LNK4099: "" PDB не найден с "mysqlcppconn-static.lib(mysql_connection.obj)" или на ""; компоновка объекта выполняется как при отсутствии отладочных данных
mysqlcppconn-static.lib(mysql_native_driver_wrapper.obj) : warning LNK4099: "" PDB не найден с "mysqlcppconn-static.lib(mysql_native_driver_wrapper.obj)" или на ""; компоновка объекта выполняется как при отсутствии отладочных данных
mysqlcppconn-static.lib(mysql_uri.obj) : warning LNK4099: "" PDB не найден с "mysqlcppconn-static.lib(mysql_uri.obj)" или на ""; компоновка объекта выполняется как при отсутствии отладочных данных
mysqlcppconn-static.lib(mysql_metadata.obj) : warning LNK4099: "" PDB не найден с "mysqlcppconn-static.lib(mysql_metadata.obj)" или на ""; компоновка объекта выполняется как при отсутствии отладочных данных
mysqlcppconn-static.lib(mysql_warning.obj) : warning LNK4099: "" PDB не найден с "mysqlcppconn-static.lib(mysql_warning.obj)" или на ""; компоновка объекта выполняется как при отсутствии отладочных данных
mysqlcppconn-static.lib(mysql_prepared_statement.obj) : warning LNK4099: "" PDB не найден с "mysqlcppconn-static.lib(mysql_prepared_statement.obj)" или на ""; компоновка объекта выполняется как при отсутствии отладочных данных
mysqlcppconn-static.lib(mysql_statement.obj) : warning LNK4099: "" PDB не найден с "mysqlcppconn-static.lib(mysql_statement.obj)" или на ""; компоновка объекта выполняется как при отсутствии отладочных данных
mysqlcppconn-static.lib(mysql_debug.obj) : warning LNK4099: "" PDB не найден с "mysqlcppconn-static.lib(mysql_debug.obj)" или на ""; компоновка объекта выполняется как при отсутствии отладочных данных
mysqlcppconn-static.lib(mysql_client_api.obj) : warning LNK4099: "" PDB не найден с "mysqlcppconn-static.lib(mysql_client_api.obj)" или на ""; компоновка объекта выполняется как при отсутствии отладочных данных
mysqlcppconn-static.lib(mysql_native_connection_wrapper.obj) : warning LNK4099: "" PDB не найден с "mysqlcppconn-static.lib(mysql_native_connection_wrapper.obj)" или на ""; компоновка объекта выполняется как при отсутствии отладочных данных
mysqlcppconn-static.lib(mysql_util.obj) : warning LNK4099: "" PDB не найден с "mysqlcppconn-static.lib(mysql_util.obj)" или на ""; компоновка объекта выполняется как при отсутствии отладочных данных
mysqlcppconn-static.lib(mysql_art_resultset.obj) : warning LNK4099: "" PDB не найден с "mysqlcppconn-static.lib(mysql_art_resultset.obj)" или на ""; компоновка объекта выполняется как при отсутствии отладочных данных
mysqlcppconn-static.lib(mysql_resultbind.obj) : warning LNK4099: "" PDB не найден с "mysqlcppconn-static.lib(mysql_resultbind.obj)" или на ""; компоновка объекта выполняется как при отсутствии отладочных данных
mysqlcppconn-static.lib(mysql_ps_resultset.obj) : warning LNK4099: "" PDB не найден с "mysqlcppconn-static.lib(mysql_ps_resultset.obj)" или на ""; компоновка объекта выполняется как при отсутствии отладочных данных
mysqlcppconn-static.lib(mysql_ps_resultset_metadata.obj) : warning LNK4099: "" PDB не найден с "mysqlcppconn-static.lib(mysql_ps_resultset_metadata.obj)" или на ""; компоновка объекта выполняется как при отсутствии отладочных данных
mysqlcppconn-static.lib(mysql_parameter_metadata.obj) : warning LNK4099: "" PDB не найден с "mysqlcppconn-static.lib(mysql_parameter_metadata.obj)" или на ""; компоновка объекта выполняется как при отсутствии отладочных данных
mysqlcppconn-static.lib(mysql_resultset.obj) : warning LNK4099: "" PDB не найден с "mysqlcppconn-static.lib(mysql_resultset.obj)" или на ""; компоновка объекта выполняется как при отсутствии отладочных данных
mysqlcppconn-static.lib(mysql_native_resultset_wrapper.obj) : warning LNK4099: "" PDB не найден с "mysqlcppconn-static.lib(mysql_native_resultset_wrapper.obj)" или на ""; компоновка объекта выполняется как при отсутствии отладочных данных
mysqlcppconn-static.lib(mysql_native_statement_wrapper.obj) : warning LNK4099: "" PDB не найден с "mysqlcppconn-static.lib(mysql_native_statement_wrapper.obj)" или на ""; компоновка объекта выполняется как при отсутствии отладочных данных
mysqlcppconn-static.lib(mysql_art_rset_metadata.obj) : warning LNK4099: "" PDB не найден с "mysqlcppconn-static.lib(mysql_art_rset_metadata.obj)" или на ""; компоновка объекта выполняется как при отсутствии отладочных данных
mysqlcppconn-static.lib(mysql_resultset_metadata.obj) : warning LNK4099: "" PDB не найден с "mysqlcppconn-static.lib(mysql_resultset_metadata.obj)" или на ""; компоновка объекта выполняется как при отсутствии отладочных данных
  ConsoleSqlNotepad.vcxproj -> D:\Cpp\ConsoleSqlNotepad\x64\Release\ConsoleSqlNotepad.exe
